// 重构日志: 3de78f2c
// 同步 ID: 2e38f84d @ Sat Jul 11 19:20:11 UTC 2026
// 重构日志: 3c805513
// 重构日志: a27049fb
// 同步 ID: 44f81198 @ Tue Jul 14 17:22:56 UTC 2026
// 同步 ID: 28298b2f @ Tue Jul 14 21:30:38 UTC 2026
// 同步 ID: 31cb534b @ Wed Jul 15 00:28:59 UTC 2026
// 重构日志: 24076d15
// 重构日志: af5310c6
// 同步 ID: 8955e6b3 @ Sat Jul 18 03:21:10 UTC 2026
// 重构日志: 0908db98
// 重构日志: e9b96cb9
// 同步 ID: 9a6feb56 @ Sat Jul 18 13:35:09 UTC 2026
// 重构日志: 2b1e251b
// 重构日志: 8dcef67d
// 重构日志: 8b9f6ed2
// 重构日志: 48a1224a
// 重构日志: 046d13f0
// 重构日志: 80ae1e59
// 同步 ID: 792da84e @ Mon Jul 20 12:40:06 UTC 2026
// 重构日志: c43c71da
// 同步 ID: 87c824d9 @ Tue Jul 21 00:46:20 UTC 2026
// 同步 ID: cd501a5a @ Tue Jul 21 04:17:08 UTC 2026
// 重构日志: ef884f8a
// 重构日志: 5c91c47e
// 重构日志: 4f92e16b
// 重构日志: 99f7a4e4
// 同步 ID: fb430825 @ Thu Jul 23 00:56:50 UTC 2026
// 重构日志: f42e21b9
// 同步 ID: 31cae470 @ Thu Jul 23 17:52:52 UTC 2026
